unityLibrary/build/intermediates/manifest_merge_blame_file/debug/manifest-merger-blame-debug-report.txt
1<?xml version="1.0" encoding="utf-8"?>
2<!-- GENERATED BY UNITY. REMOVE THIS COMMENT TO PREVENT OVERWRITING WHEN EXPORTING AGAIN -->
3<manifest xmlns:android="http://schemas.android.com/apk/res/android"
4    xmlns:tools="http://schemas.android.com/tools"
5    package="com.unity3d.player" >
6
7    <uses-sdk
8        android:minSdkVersion="21"
8-->src\main\AndroidManifest.xml
9        android:targetSdkVersion="29" />
9-->src\main\AndroidManifest.xml
10
11    <uses-feature android:glEsVersion="0x00030000" />
11-->src\main\AndroidManifest.xml:18:3-52
11-->src\main\AndroidManifest.xml:18:17-49
12    <uses-feature
12-->src\main\AndroidManifest.xml:19:3-91
13        android:name="android.hardware.vulkan.version"
13-->src\main\AndroidManifest.xml:19:17-63
14        android:required="false" />
14-->src\main\AndroidManifest.xml:19:64-88
15
16    <uses-permission android:name="android.permission.INTERNET" />
16-->src\main\AndroidManifest.xml:20:3-65
16-->src\main\AndroidManifest.xml:20:20-62
17
18    <uses-feature
18-->src\main\AndroidManifest.xml:21:3-97
19        android:name="android.hardware.sensor.accelerometer"
19-->src\main\AndroidManifest.xml:21:17-69
20        android:required="false" />
20-->src\main\AndroidManifest.xml:21:70-94
21    <uses-feature
21-->src\main\AndroidManifest.xml:22:3-88
22        android:name="android.hardware.touchscreen"
22-->src\main\AndroidManifest.xml:22:17-60
23        android:required="false" />
23-->src\main\AndroidManifest.xml:22:61-85
24    <uses-feature
24-->src\main\AndroidManifest.xml:23:3-99
25        android:name="android.hardware.touchscreen.multitouch"
25-->src\main\AndroidManifest.xml:23:17-71
26        android:required="false" />
26-->src\main\AndroidManifest.xml:23:72-96
27    <uses-feature
27-->src\main\AndroidManifest.xml:24:3-108
28        android:name="android.hardware.touchscreen.multitouch.distinct"
28-->src\main\AndroidManifest.xml:24:17-80
29        android:required="false" />
29-->src\main\AndroidManifest.xml:24:81-105
30
31    <application>
31-->src\main\AndroidManifest.xml:4:3-17:17
32        <activity
32-->src\main\AndroidManifest.xml:5:5-12:16
33            android:name="com.unity3d.player.UnityPlayerActivity"
33-->src\main\AndroidManifest.xml:5:15-68
34            android:configChanges="mcc|mnc|locale|touchscreen|keyboard|keyboardHidden|navigation|orientation|screenLayout|uiMode|screenSize|smallestScreenSize|fontScale|layoutDirection|density"
34-->src\main\AndroidManifest.xml:5:181-362
35            android:exported="true"
35-->src\main\AndroidManifest.xml:6:9-32
36            android:hardwareAccelerated="false"
36-->src\main\AndroidManifest.xml:5:363-398
37            android:launchMode="singleTask"
37-->src\main\AndroidManifest.xml:5:149-180
38            android:screenOrientation="landscape"
38-->src\main\AndroidManifest.xml:5:111-148
39            android:theme="@style/UnityThemeSelector" >
39-->src\main\AndroidManifest.xml:5:69-110
40            <intent-filter>
40-->src\main\AndroidManifest.xml:7:7-9:23
41                <action android:name="android.intent.action.MAIN" />
41-->src\main\AndroidManifest.xml:8:9-61
41-->src\main\AndroidManifest.xml:8:17-58
42            </intent-filter>
43
44            <meta-data
44-->src\main\AndroidManifest.xml:10:7-82
45                android:name="unityplayer.UnityActivity"
45-->src\main\AndroidManifest.xml:10:18-58
46                android:value="true" />
46-->src\main\AndroidManifest.xml:10:59-79
47            <meta-data
47-->src\main\AndroidManifest.xml:11:7-78
48                android:name="android.notch_support"
48-->src\main\AndroidManifest.xml:11:18-54
49                android:value="true" />
49-->src\main\AndroidManifest.xml:11:55-75
50        </activity>
51
52        <meta-data
52-->src\main\AndroidManifest.xml:13:5-69
53            android:name="unity.splash-mode"
53-->src\main\AndroidManifest.xml:13:16-48
54            android:value="0" />
54-->src\main\AndroidManifest.xml:13:49-66
55        <meta-data
55-->src\main\AndroidManifest.xml:14:5-74
56            android:name="unity.splash-enable"
56-->src\main\AndroidManifest.xml:14:16-50
57            android:value="True" />
57-->src\main\AndroidManifest.xml:14:51-71
58        <meta-data
58-->src\main\AndroidManifest.xml:15:5-81
59            android:name="notch.config"
59-->src\main\AndroidManifest.xml:15:16-43
60            android:value="portrait|landscape" />
60-->src\main\AndroidManifest.xml:15:44-78
61        <meta-data
61-->src\main\AndroidManifest.xml:16:5-101
62            android:name="unity.build-id"
62-->src\main\AndroidManifest.xml:16:16-45
63            android:value="e7847fc1-a8b5-42a2-abfb-b78bba3a52db" />
63-->src\main\AndroidManifest.xml:16:46-98
64    </application>
65
66</manifest>